[debug] [2025-09-11T09:49:49.901Z] ----------------------------------------------------------------------
[debug] [2025-09-11T09:49:49.903Z] Command:       /opt/homebrew/Cellar/node/23.5.0/bin/node /opt/homebrew/bin/firebase deploy --only hosting
[debug] [2025-09-11T09:49:49.903Z] CLI Version:   14.15.2
[debug] [2025-09-11T09:49:49.903Z] Platform:      darwin
[debug] [2025-09-11T09:49:49.903Z] Node Version:  v23.5.0
[debug] [2025-09-11T09:49:49.904Z] Time:          Thu Sep 11 2025 05:49:49 GMT-0400 (Eastern Daylight Time)
[debug] [2025-09-11T09:49:49.904Z] ----------------------------------------------------------------------
[debug] 
[debug] [2025-09-11T09:49:49.996Z] > command requires scopes: ["email","openid","https://www.googleapis.com/auth/cloudplatformprojects.readonly","https://www.googleapis.com/auth/firebase","https://www.googleapis.com/auth/cloud-platform"]
[debug] [2025-09-11T09:49:49.996Z] > authorizing via signed-in user (minmaung0307@gmail.com)
[debug] [2025-09-11T09:49:49.996Z] [iam] checking project openlearn-mm for permissions ["firebase.projects.get","firebasehosting.sites.update"]
[debug] [2025-09-11T09:49:49.997Z] Checked if tokens are valid: false, expires at: 1757560597855
[debug] [2025-09-11T09:49:49.997Z] Checked if tokens are valid: false, expires at: 1757560597855
[debug] [2025-09-11T09:49:49.997Z] > refreshing access token with scopes: []
[debug] [2025-09-11T09:49:49.998Z] >>> [apiv2][query] POST https://www.googleapis.com/oauth2/v3/token [none]
[debug] [2025-09-11T09:49:49.998Z] >>> [apiv2][body] POST https://www.googleapis.com/oauth2/v3/token [omitted]
[debug] [2025-09-11T09:50:20.021Z] *** [apiv2] error from fetch(https://www.googleapis.com/oauth2/v3/token, {"headers":{},"method":"POST","body":{"_overheadLength":545,"_valueLength":212,"_valuesToMeasure":[],"writable":false,"readable":true,"dataSize":0,"maxDataSize":2097152,"pauseStreams":true,"_released":true,"_streams":[],"_currentStream":null,"_insideLoop":false,"_pendingNext":false,"_boundary":"--------------------------65603dcac60ccac1a155002b","_events":{},"_eventsCount":1}}): FetchError: request to https://www.googleapis.com/oauth2/v3/token failed, reason: getaddrinfo ENOTFOUND www.googleapis.com
[error] Authentication Error: Your credentials are no longer valid. Please run firebase login --reauth

For CI servers and headless environments, generate a new token with firebase login:ci
[debug] [2025-09-11T09:50:20.022Z] [iam] error while checking permissions, command may fail: Authentication Error: Your credentials are no longer valid. Please run firebase login --reauth

For CI servers and headless environments, generate a new token with firebase login:ci
[debug] [2025-09-11T09:50:20.023Z] Checked if tokens are valid: false, expires at: 1757560597855
[debug] [2025-09-11T09:50:20.023Z] Checked if tokens are valid: false, expires at: 1757560597855
[debug] [2025-09-11T09:50:20.023Z] > refreshing access token with scopes: []
[debug] [2025-09-11T09:50:20.024Z] >>> [apiv2][query] POST https://www.googleapis.com/oauth2/v3/token [none]
[debug] [2025-09-11T09:50:20.024Z] >>> [apiv2][body] POST https://www.googleapis.com/oauth2/v3/token [omitted]
[debug] [2025-09-11T09:50:50.029Z] *** [apiv2] error from fetch(https://www.googleapis.com/oauth2/v3/token, {"headers":{},"method":"POST","body":{"_overheadLength":545,"_valueLength":212,"_valuesToMeasure":[],"writable":false,"readable":true,"dataSize":0,"maxDataSize":2097152,"pauseStreams":true,"_released":true,"_streams":[],"_currentStream":null,"_insideLoop":false,"_pendingNext":false,"_boundary":"--------------------------136b8c27bf0102e92f27e35e","_events":{},"_eventsCount":1}}): FetchError: request to https://www.googleapis.com/oauth2/v3/token failed, reason: getaddrinfo ENOTFOUND www.googleapis.com
[error] Authentication Error: Your credentials are no longer valid. Please run firebase login --reauth

For CI servers and headless environments, generate a new token with firebase login:ci
[debug] [2025-09-11T09:50:50.030Z] Authentication Error: Your credentials are no longer valid. Please run firebase login --reauth

For CI servers and headless environments, generate a new token with firebase login:ci
[error] 
[error] Error: Assertion failed: resolving hosting target of a site with no site name or target name. This should have caused an error earlier
